<?xml version="1.0" encoding="UTF-8"?>
<coverage generated="1697886820826" clover="3.2.0">
  <project timestamp="1697886820827" name="All files">
    <metrics statements="33" coveredstatements="33" conditionals="10" coveredconditionals="10" methods="3" coveredmethods="3" elements="46" coveredelements="46" complexity="0" loc="33" ncloc="33" packages="1" files="1" classes="1"/>
    <file name="dateUtils.ts" path="C:\Users\makot\programing\crasp-starter\src\dateUtils.ts">
      <metrics statements="33" coveredstatements="33" conditionals="10" coveredconditionals="10" methods="3" coveredmethods="3"/>
      <line num="1" count="33" type="cond" truecount="1" falsecount="0"/>
      <line num="2" count="33" type="cond" truecount="3" falsecount="0"/>
      <line num="3" count="32" type="cond" truecount="1" falsecount="0"/>
      <line num="4" count="33" type="cond" truecount="1" falsecount="0"/>
      <line num="5" count="32" type="cond" truecount="1" falsecount="0"/>
      <line num="6" count="32" type="stmt"/>
      <line num="7" count="1" type="stmt"/>
      <line num="8" count="33" type="cond" truecount="1" falsecount="0"/>
      <line num="9" count="33" type="stmt"/>
      <line num="10" count="33" type="stmt"/>
      <line num="11" count="1" type="stmt"/>
      <line num="12" count="7" type="cond" truecount="1" falsecount="0"/>
      <line num="13" count="7" type="stmt"/>
      <line num="14" count="7" type="stmt"/>
      <line num="15" count="7" type="stmt"/>
      <line num="16" count="7" type="stmt"/>
      <line num="17" count="7" type="stmt"/>
      <line num="18" count="7" type="stmt"/>
      <line num="19" count="7" type="stmt"/>
      <line num="20" count="7" type="stmt"/>
      <line num="21" count="7" type="stmt"/>
      <line num="22" count="7" type="stmt"/>
      <line num="23" count="7" type="stmt"/>
      <line num="24" count="7" type="stmt"/>
      <line num="25" count="7" type="stmt"/>
      <line num="26" count="7" type="stmt"/>
      <line num="27" count="7" type="stmt"/>
      <line num="28" count="7" type="stmt"/>
      <line num="29" count="7" type="cond" truecount="1" falsecount="0"/>
      <line num="30" count="63" type="stmt"/>
      <line num="31" count="7" type="stmt"/>
      <line num="32" count="7" type="stmt"/>
      <line num="33" count="7" type="stmt"/>
    </file>
  </project>
</coverage>
