TN:
SF:src\dateUtils.ts
FN:1,padding
FN:8,pad0
FN:12,formatDate
FNF:3
FNH:3
FNDA:33,padding
FNDA:33,pad0
FNDA:7,formatDate
DA:1,33
DA:2,33
DA:3,32
DA:4,33
DA:5,32
DA:6,32
DA:7,1
DA:8,33
DA:9,33
DA:10,33
DA:11,1
DA:12,7
DA:13,7
DA:14,7
DA:15,7
DA:16,7
DA:17,7
DA:18,7
DA:19,7
DA:20,7
DA:21,7
DA:22,7
DA:23,7
DA:24,7
DA:25,7
DA:26,7
DA:27,7
DA:28,7
DA:29,7
DA:30,63
DA:31,7
DA:32,7
DA:33,7
LF:33
LH:33
BRDA:1,0,0,33
BRDA:2,1,0,32
BRDA:2,2,0,32
BRDA:2,3,0,1
BRDA:3,4,0,32
BRDA:4,5,0,18
BRDA:5,6,0,32
BRDA:8,7,0,33
BRDA:12,8,0,7
BRDA:29,9,0,63
BRF:10
BRH:10
end_of_record
